#
# There is insufficient memory for the Java Runtime Environment to continue.
# Native memory allocation (malloc) failed to allocate 1539536 bytes for Chunk::new
# Possible reasons:
#   The system is out of physical RAM or swap space
#   In 32 bit mode, the process size limit was hit
# Possible solutions:
#   Reduce memory load on the system
#   Increase physical memory or swap space
#   Check if swap backing store is full
#   Use 64 bit Java on a 64 bit OS
#   Decrease Java heap size (-Xmx/-Xms)
#   Decrease number of Java threads
#   Decrease Java thread stack sizes (-Xss)
#   Set larger code cache with -XX:ReservedCodeCacheSize=
# This output file may be truncated or incomplete.
#
#  Out of Memory Error (allocation.cpp:390), pid=8232, tid=0x0000000000002480
#
# JRE version: Java(TM) SE Runtime Environment (8.0_144-b01) (build 1.8.0_144-b01)
# Java VM: Java HotSpot(TM) 64-Bit Server VM (25.144-b01 mixed mode windows-amd64 compressed oops)
# Failed to write core dump. Minidumps are not enabled by default on client versions of Windows
#

---------------  T H R E A D  ---------------

Current thread (0x0000000017846000):  JavaThread "C2 CompilerThread0" daemon [_thread_in_native, id=9344, stack(0x0000000018e80000,0x0000000018f80000)]

Stack: [0x0000000018e80000,0x0000000018f80000]
[error occurred during error reporting (printing stack bounds), id 0xc0000005]

Native frames: (J=compiled Java code, j=interpreted, Vv=VM code, C=native code)


Current CompileTask:
C2:   6978 3548       4       org.springframework.beans.factory.support.AbstractBeanFactory::isTypeMatch (607 bytes)


---------------  P R O C E S S  ---------------

Java Threads: ( => current thread )
  0x000000001c4e8000 JavaThread "HikariPool-1 connection closer" daemon [_thread_blocked, id=10816, stack(0x000000001b760000,0x000000001b860000)]
  0x0000000019da6000 JavaThread "restartedMain" [_thread_blocked, id=11480, stack(0x000000001a170000,0x000000001a270000)]
  0x0000000019d7d000 JavaThread "Thread-0" [_thread_blocked, id=5528, stack(0x000000001a070000,0x000000001a170000)]
  0x00000000191b8800 JavaThread "Service Thread" daemon [_thread_blocked, id=8944, stack(0x0000000019580000,0x0000000019680000)]
  0x000000001784b000 JavaThread "C1 CompilerThread2" daemon [_thread_in_native, id=9416, stack(0x0000000019080000,0x0000000019180000)]
  0x0000000017848000 JavaThread "C2 CompilerThread1" daemon [_thread_in_native, id=9792, stack(0x0000000018f80000,0x0000000019080000)]
=>0x0000000017846000 JavaThread "C2 CompilerThread0" daemon [_thread_in_native, id=9344, stack(0x0000000018e80000,0x0000000018f80000)]
  0x0000000017842000 JavaThread "Attach Listener" daemon [_thread_blocked, id=13192, stack(0x0000000018d80000,0x0000000018e80000)]
  0x0000000017840800 JavaThread "Signal Dispatcher" daemon [_thread_blocked, id=7344, stack(0x0000000018c80000,0x0000000018d80000)]
  0x0000000002cfe000 JavaThread "Finalizer" daemon [_thread_blocked, id=12588, stack(0x0000000018aa0000,0x0000000018ba0000)]
  0x0000000002cf5000 JavaThread "Reference Handler" daemon [_thread_blocked, id=10988, stack(0x00000000189a0000,0x0000000018aa0000)]
  0x0000000002c04800 JavaThread "main" [_thread_blocked, id=10792, stack(0x0000000002b00000,0x0000000002c00000)]

Other Threads:
  0x0000000017807000 VMThread [stack: 0x00000000188a0000,0x00000000189a0000] [id=12220]
  0x00000000191ee000 WatcherThread [stack: 0x0000000019680000,0x0000000019780000] [id=1156]

VM state:not at safepoint (normal execution)

VM Mutex/Monitor currently owned by a thread: None

Heap:
 PSYoungGen      total 164352K, used 111508K [0x00000000d5e00000, 0x00000000e3180000, 0x0000000100000000)
  eden space 152064K, 73% used [0x00000000d5e00000,0x00000000dcae50b0,0x00000000df280000)
  from space 12288K, 0% used [0x00000000dff80000,0x00000000dff80000,0x00000000e0b80000)
  to   space 13312K, 0% used [0x00000000df280000,0x00000000df280000,0x00000000dff80000)
 ParOldGen       total 60416K, used 13530K [0x0000000081a00000, 0x0000000085500000, 0x00000000d5e00000)
  object space 60416K, 22% used [0x0000000081a00000,0x0000000082736920,0x0000000085500000)
 Metaspace       used 46404K, capacity 48524K, committed 48688K, reserved 1091584K
  class space    used 6250K, capacity 6613K, committed 6704K, reserved 1048576K

Card table byte_map: [0x00000000120c0000,0x00000000124c0000] byte_map_base: 0x0000000011cb3000

Marking Bits: (ParMarkBitMap*) 0x00000000587ed850
 Begin Bits: [0x0000000012b70000, 0x0000000014b08000)
 End Bits:   [0x0000000014b08000, 0x0000000016aa0000)

Polling page: 0x0000000002a50000

CodeCache: size=245760Kb used=11227Kb max_used=11227Kb free=234532Kb
 bounds [0x0000000002d00000, 0x0000000003800000, 0x0000000011d00000]
 total_blobs=3939 nmethods=3448 adapters=401
 compilation: enabled

Compilation events (10 events):
Event: 6.744 Thread 0x000000001784b000 nmethod 3687 0x00000000037e7450 code [0x00000000037e75e0, 0x00000000037e78f8]
Event: 6.744 Thread 0x000000001784b000 3688       2       org.springframework.boot.ansi.AnsiOutput::isEnabled (46 bytes)
Event: 6.744 Thread 0x000000001784b000 nmethod 3688 0x00000000037e7010 code [0x00000000037e7180, 0x00000000037e7388]
Event: 6.744 Thread 0x000000001784b000 3689       2       org.springframework.boot.logging.logback.ColorConverter::transform (10 bytes)
Event: 6.744 Thread 0x000000001784b000 nmethod 3689 0x00000000037e6c10 code [0x00000000037e6d80, 0x00000000037e6f48]
Event: 6.758 Thread 0x000000001784b000 3690       2       java.io.DataInputStream::readUTF (501 bytes)
Event: 6.760 Thread 0x000000001784b000 nmethod 3690 0x00000000037e45d0 code [0x00000000037e48c0, 0x00000000037e59e8]
Event: 6.760 Thread 0x000000001784b000 3691       2       java.io.DataInputStream::readFully (9 bytes)
Event: 6.760 Thread 0x000000001784b000 nmethod 3691 0x00000000037e4210 code [0x00000000037e4380, 0x00000000037e4508]
Event: 6.964 Thread 0x000000001784b000 3692       2       java.text.SimpleDateFormat::subFormat (1260 bytes)

GC Heap History (10 events):
Event: 1.701 GC heap before
{Heap before GC invocations=6 (full 1):
 PSYoungGen      total 71680K, used 5108K [0x00000000d5e00000, 0x00000000df300000, 0x0000000100000000)
  eden space 66560K, 0% used [0x00000000d5e00000,0x00000000d5e00000,0x00000000d9f00000)
  from space 5120K, 99% used [0x00000000d9f00000,0x00000000da3fd290,0x00000000da400000)
  to   space 9728K, 0% used [0x00000000de980000,0x00000000de980000,0x00000000df300000)
 ParOldGen       total 87552K, used 5297K [0x0000000081a00000, 0x0000000086f80000, 0x00000000d5e00000)
  object space 87552K, 6% used [0x0000000081a00000,0x0000000081f2c748,0x0000000086f80000)
 Metaspace       used 20563K, capacity 21254K, committed 21296K, reserved 1067008K
  class space    used 2652K, capacity 2823K, committed 2864K, reserved 1048576K
Event: 1.739 GC heap after
Heap after GC invocations=6 (full 1):
 PSYoungGen      total 71680K, used 0K [0x00000000d5e00000, 0x00000000df300000, 0x0000000100000000)
  eden space 66560K, 0% used [0x00000000d5e00000,0x00000000d5e00000,0x00000000d9f00000)
  from space 5120K, 0% used [0x00000000d9f00000,0x00000000d9f00000,0x00000000da400000)
  to   space 9728K, 0% used [0x00000000de980000,0x00000000de980000,0x00000000df300000)
 ParOldGen       total 60416K, used 9013K [0x0000000081a00000, 0x0000000085500000, 0x00000000d5e00000)
  object space 60416K, 14% used [0x0000000081a00000,0x00000000822cd4e8,0x0000000085500000)
 Metaspace       used 20563K, capacity 21254K, committed 21296K, reserved 1067008K
  class space    used 2652K, capacity 2823K, committed 2864K, reserved 1048576K
}
Event: 2.171 GC heap before
{Heap before GC invocations=7 (full 1):
 PSYoungGen      total 71680K, used 66560K [0x00000000d5e00000, 0x00000000df300000, 0x0000000100000000)
  eden space 66560K, 100% used [0x00000000d5e00000,0x00000000d9f00000,0x00000000d9f00000)
  from space 5120K, 0% used [0x00000000d9f00000,0x00000000d9f00000,0x00000000da400000)
  to   space 9728K, 0% used [0x00000000de980000,0x00000000de980000,0x00000000df300000)
 ParOldGen       total 60416K, used 9013K [0x0000000081a00000, 0x0000000085500000, 0x00000000d5e00000)
  object space 60416K, 14% used [0x0000000081a00000,0x00000000822cd4e8,0x0000000085500000)
 Metaspace       used 22133K, capacity 22990K, committed 23088K, reserved 1069056K
  class space    used 2850K, capacity 3073K, committed 3120K, reserved 1048576K
Event: 2.176 GC heap after
Heap after GC invocations=7 (full 1):
 PSYoungGen      total 105472K, used 2685K [0x00000000d5e00000, 0x00000000dec80000, 0x0000000100000000)
  eden space 102400K, 0% used [0x00000000d5e00000,0x00000000d5e00000,0x00000000dc200000)
  from space 3072K, 87% used [0x00000000de980000,0x00000000dec1f430,0x00000000dec80000)
  to   space 9728K, 0% used [0x00000000dd980000,0x00000000dd980000,0x00000000de300000)
 ParOldGen       total 60416K, used 9021K [0x0000000081a00000, 0x0000000085500000, 0x00000000d5e00000)
  object space 60416K, 14% used [0x0000000081a00000,0x00000000822cf4e8,0x0000000085500000)
 Metaspace       used 22133K, capacity 22990K, committed 23088K, reserved 1069056K
  class space    used 2850K, capacity 3073K, committed 3120K, reserved 1048576K
}
Event: 4.027 GC heap before
{Heap before GC invocations=8 (full 1):
 PSYoungGen      total 105472K, used 105080K [0x00000000d5e00000, 0x00000000dec80000, 0x0000000100000000)
  eden space 102400K, 99% used [0x00000000d5e00000,0x00000000dc1fec48,0x00000000dc200000)
  from space 3072K, 87% used [0x00000000de980000,0x00000000dec1f430,0x00000000dec80000)
  to   space 9728K, 0% used [0x00000000dd980000,0x00000000dd980000,0x00000000de300000)
 ParOldGen       total 60416K, used 9021K [0x0000000081a00000, 0x0000000085500000, 0x00000000d5e00000)
  object space 60416K, 14% used [0x0000000081a00000,0x00000000822cf4e8,0x0000000085500000)
 Metaspace       used 29531K, capacity 31122K, committed 31408K, reserved 1077248K
  class space    used 3855K, capacity 4156K, committed 4272K, reserved 1048576K
Event: 4.043 GC heap after
Heap after GC invocations=8 (full 1):
 PSYoungGen      total 136192K, used 9699K [0x00000000d5e00000, 0x00000000e0b80000, 0x0000000100000000)
  eden space 126464K, 0% used [0x00000000d5e00000,0x00000000d5e00000,0x00000000dd980000)
  from space 9728K, 99% used [0x00000000dd980000,0x00000000de2f8f80,0x00000000de300000)
  to   space 12288K, 0% used [0x00000000dff80000,0x00000000dff80000,0x00000000e0b80000)
 ParOldGen       total 60416K, used 10477K [0x0000000081a00000, 0x0000000085500000, 0x00000000d5e00000)
  object space 60416K, 17% used [0x0000000081a00000,0x000000008243b5c8,0x0000000085500000)
 Metaspace       used 29531K, capacity 31122K, committed 31408K, reserved 1077248K
  class space    used 3855K, capacity 4156K, committed 4272K, reserved 1048576K
}
Event: 4.561 GC heap before
{Heap before GC invocations=9 (full 1):
 PSYoungGen      total 136192K, used 106119K [0x00000000d5e00000, 0x00000000e0b80000, 0x0000000100000000)
  eden space 126464K, 76% used [0x00000000d5e00000,0x00000000dbc28e90,0x00000000dd980000)
  from space 9728K, 99% used [0x00000000dd980000,0x00000000de2f8f80,0x00000000de300000)
  to   space 12288K, 0% used [0x00000000dff80000,0x00000000dff80000,0x00000000e0b80000)
 ParOldGen       total 60416K, used 10477K [0x0000000081a00000, 0x0000000085500000, 0x00000000d5e00000)
  object space 60416K, 17% used [0x0000000081a00000,0x000000008243b5c8,0x0000000085500000)
 Metaspace       used 33723K, capacity 35374K, committed 35496K, reserved 1081344K
  class space    used 4329K, capacity 4626K, committed 4656K, reserved 1048576K
Event: 4.574 GC heap after
Heap after GC invocations=9 (full 1):
 PSYoungGen      total 164352K, used 9710K [0x00000000d5e00000, 0x00000000e3180000, 0x0000000100000000)
  eden space 152064K, 0% used [0x00000000d5e00000,0x00000000d5e00000,0x00000000df280000)
  from space 12288K, 79% used [0x00000000dff80000,0x00000000e08fba18,0x00000000e0b80000)
  to   space 13312K, 0% used [0x00000000df280000,0x00000000df280000,0x00000000dff80000)
 ParOldGen       total 60416K, used 10485K [0x0000000081a00000, 0x0000000085500000, 0x00000000d5e00000)
  object space 60416K, 17% used [0x0000000081a00000,0x000000008243d5c8,0x0000000085500000)
 Metaspace       used 33723K, capacity 35374K, committed 35496K, reserved 1081344K
  class space    used 4329K, capacity 4626K, committed 4656K, reserved 1048576K
}
Event: 4.574 GC heap before
{Heap before GC invocations=10 (full 2):
 PSYoungGen      total 164352K, used 9710K [0x00000000d5e00000, 0x00000000e3180000, 0x0000000100000000)
  eden space 152064K, 0% used [0x00000000d5e00000,0x00000000d5e00000,0x00000000df280000)
  from space 12288K, 79% used [0x00000000dff80000,0x00000000e08fba18,0x00000000e0b80000)
  to   space 13312K, 0% used [0x00000000df280000,0x00000000df280000,0x00000000dff80000)
 ParOldGen       total 60416K, used 10485K [0x0000000081a00000, 0x0000000085500000, 0x00000000d5e00000)
  object space 60416K, 17% used [0x0000000081a00000,0x000000008243d5c8,0x0000000085500000)
 Metaspace       used 33723K, capacity 35374K, committed 35496K, reserved 1081344K
  class space    used 4329K, capacity 4626K, committed 4656K, reserved 1048576K
Event: 4.652 GC heap after
Heap after GC invocations=10 (full 2):
 PSYoungGen      total 164352K, used 0K [0x00000000d5e00000, 0x00000000e3180000, 0x0000000100000000)
  eden space 152064K, 0% used [0x00000000d5e00000,0x00000000d5e00000,0x00000000df280000)
  from space 12288K, 0% used [0x00000000dff80000,0x00000000dff80000,0x00000000e0b80000)
  to   space 13312K, 0% used [0x00000000df280000,0x00000000df280000,0x00000000dff80000)
 ParOldGen       total 60416K, used 13530K [0x0000000081a00000, 0x0000000085500000, 0x00000000d5e00000)
  object space 60416K, 22% used [0x0000000081a00000,0x0000000082736920,0x0000000085500000)
 Metaspace       used 33723K, capacity 35374K, committed 35496K, reserved 1081344K
  class space    used 4329K, capacity 4626K, committed 4656K, reserved 1048576K
}

Deoptimization events (10 events):
Event: 5.896 Thread 0x0000000019da6000 Uncommon trap: reason=unstable_if action=reinterpret pc=0x0000000003437714 method=java.net.URLClassLoader.definePackageInternal(Ljava/lang/String;Ljava/util/jar/Manifest;Ljava/net/URL;)V @ 11
Event: 5.935 Thread 0x0000000019da6000 Uncommon trap: reason=unstable_if action=reinterpret pc=0x000000000377320c method=java.lang.Class$MethodArray.matchesNameAndDescriptor(Ljava/lang/reflect/Method;Ljava/lang/reflect/Method;)Z @ 33
Event: 5.965 Thread 0x0000000019da6000 Uncommon trap: reason=class_check action=maybe_recompile pc=0x000000000361fbac method=java.lang.reflect.Method.equals(Ljava/lang/Object;)Z @ 5
Event: 5.965 Thread 0x0000000019da6000 Uncommon trap: reason=class_check action=maybe_recompile pc=0x000000000361fbac method=java.lang.reflect.Method.equals(Ljava/lang/Object;)Z @ 5
Event: 6.192 Thread 0x0000000019da6000 Uncommon trap: reason=unstable_if action=reinterpret pc=0x0000000003631094 method=java.util.concurrent.ConcurrentHashMap.putVal(Ljava/lang/Object;Ljava/lang/Object;Z)Ljava/lang/Object; @ 331
Event: 6.193 Thread 0x0000000019da6000 Uncommon trap: reason=unstable_if action=reinterpret pc=0x000000000363b2c4 method=java.util.concurrent.ConcurrentHashMap.get(Ljava/lang/Object;)Ljava/lang/Object; @ 86
Event: 6.372 Thread 0x0000000019da6000 Uncommon trap: reason=class_check action=maybe_recompile pc=0x000000000361fbac method=java.lang.reflect.Method.equals(Ljava/lang/Object;)Z @ 5
Event: 6.409 Thread 0x0000000019da6000 Uncommon trap: reason=class_check action=maybe_recompile pc=0x000000000361fbac method=java.lang.reflect.Method.equals(Ljava/lang/Object;)Z @ 5
Event: 6.566 Thread 0x0000000019da6000 Uncommon trap: reason=unstable_if action=reinterpret pc=0x000000000318245c method=java.util.concurrent.ConcurrentHashMap.transfer([Ljava/util/concurrent/ConcurrentHashMap$Node;[Ljava/util/concurrent/ConcurrentHashMap$Node;)V @ 356
Event: 6.746 Thread 0x0000000019da6000 Uncommon trap: reason=unstable_if action=reinterpret pc=0x000000000362abb4 method=java.util.HashMap$HashIterator.<init>(Ljava/util/HashMap;)V @ 45

Internal exceptions (10 events):
Event: 6.024 Thread 0x0000000019da6000 Exception <a 'java/lang/ClassNotFoundException': org/springframework/context/ResourceLoaderAwareCustomizer> (0x00000000da815228) thrown at [C:\re\workspace\8-2-build-windows-amd64-cygwin\jdk8u144\9417\hotspot\src\share\vm\classfile\systemDictionary.cpp, l
Event: 6.025 Thread 0x0000000019da6000 Exception <a 'java/lang/ClassNotFoundException': org/springframework/beans/factory/AwareCustomizer> (0x00000000da828138) thrown at [C:\re\workspace\8-2-build-windows-amd64-cygwin\jdk8u144\9417\hotspot\src\share\vm\classfile\systemDictionary.cpp, line 210]
Event: 6.026 Thread 0x0000000019da6000 Exception <a 'java/lang/ClassNotFoundException': org/springframework/context/ApplicationContextAwareCustomizer> (0x00000000da83ce88) thrown at [C:\re\workspace\8-2-build-windows-amd64-cygwin\jdk8u144\9417\hotspot\src\share\vm\classfile\systemDictionary.cp
Event: 6.026 Thread 0x0000000019da6000 Exception <a 'java/lang/ClassNotFoundException': org/springframework/beans/factory/AwareCustomizer> (0x00000000da8503a0) thrown at [C:\re\workspace\8-2-build-windows-amd64-cygwin\jdk8u144\9417\hotspot\src\share\vm\classfile\systemDictionary.cpp, line 210]
Event: 6.027 Thread 0x0000000019da6000 Exception <a 'java/lang/ClassNotFoundException': org/springframework/web/context/ServletContextAwareCustomizer> (0x00000000da865080) thrown at [C:\re\workspace\8-2-build-windows-amd64-cygwin\jdk8u144\9417\hotspot\src\share\vm\classfile\systemDictionary.cp
Event: 6.027 Thread 0x0000000019da6000 Exception <a 'java/lang/ClassNotFoundException': org/springframework/beans/factory/AwareCustomizer> (0x00000000da878008) thrown at [C:\re\workspace\8-2-build-windows-amd64-cygwin\jdk8u144\9417\hotspot\src\share\vm\classfile\systemDictionary.cpp, line 210]
Event: 6.454 Thread 0x0000000019da6000 Exception <a 'java/lang/IncompatibleClassChangeError': Found class java.lang.Object, but interface was expected> (0x00000000dbc915e0) thrown at [C:\re\workspace\8-2-build-windows-amd64-cygwin\jdk8u144\9417\hotspot\src\share\vm\interpreter\linkResolver.cpp
Event: 6.652 Thread 0x0000000019da6000 Exception <a 'java/net/BindException': Address already in use: bind> (0x00000000dc456f68) thrown at [C:\re\workspace\8-2-build-windows-amd64-cygwin\jdk8u144\9417\hotspot\src\share\vm\prims\jni.cpp, line 735]
Event: 6.729 Thread 0x000000001c4e9000 Exception <a 'java/lang/InterruptedException': sleep interrupted> (0x00000000dc5898b0) thrown at [C:\re\workspace\8-2-build-windows-amd64-cygwin\jdk8u144\9417\hotspot\src\share\vm\prims\jvm.cpp, line 3228]
Event: 6.740 Thread 0x000000001c4e6800 Exception <a 'java/lang/InterruptedException': sleep interrupted> (0x00000000dc686fd0) thrown at [C:\re\workspace\8-2-build-windows-amd64-cygwin\jdk8u144\9417\hotspot\src\share\vm\prims\jvm.cpp, line 3228]

Events (10 events):
Event: 6.973 loading class com/zaxxer/hikari/pool/HikariPool done
Event: 6.973 loading class com/zaxxer/hikari/pool/HikariPool
Event: 6.973 loading class com/zaxxer/hikari/pool/HikariPool done
Event: 6.974 Thread 0x000000001c4e8000 Thread added: 0x000000001c4e8000
Event: 6.974 Executing VM operation: RevokeBias
Event: 6.976 Executing VM operation: RevokeBias done
Event: 6.976 Thread 0x000000001c4e9800 Thread exited: 0x000000001c4e9800
Event: 6.976 loading class com/zaxxer/hikari/util/ConcurrentBag$IConcurrentBagEntry
Event: 6.976 loading class com/zaxxer/hikari/util/ConcurrentBag$IConcurrentBagEntry done
Event: 6.976 Executing VM operation: RevokeBias


Dynamic libraries:
0x00007ff64a420000 - 0x00007ff64a457000 	C:\Program Files\Java\jdk1.8.0_144\bin\javaw.exe
0x00007ff972310000 - 0x00007ff9724bd000 	C:\windows\SYSTEM32\ntdll.dll
0x00007ff9703e0000 - 0x00007ff97051e000 	C:\windows\system32\KERNEL32.DLL
0x00007ff96f7f0000 - 0x00007ff96f906000 	C:\windows\system32\KERNELBASE.dll
0x00007ff96e000000 - 0x00007ff96e08e000 	C:\windows\system32\apphelp.dll
0x00007ff95f830000 - 0x00007ff95f883000 	C:\windows\AppPatch\AppPatch64\AcGenral.DLL
0x00007ff970520000 - 0x00007ff9705ca000 	C:\windows\system32\msvcrt.dll
0x00007ff96f910000 - 0x00007ff96f93e000 	C:\windows\system32\SspiCli.dll
0x00007ff970710000 - 0x00007ff970764000 	C:\windows\system32\SHLWAPI.dll
0x00007ff971dc0000 - 0x00007ff971f37000 	C:\windows\system32\USER32.dll
0x00007ff96fed0000 - 0x00007ff970064000 	C:\windows\system32\ole32.dll
0x00007ff970890000 - 0x00007ff971dbc000 	C:\windows\system32\SHELL32.dll
0x00007ff96ea00000 - 0x00007ff96ea21000 	C:\windows\SYSTEM32\USERENV.dll
0x00007ff9707e0000 - 0x00007ff97088a000 	C:\windows\system32\ADVAPI32.dll
0x00007ff967aa0000 - 0x00007ff967abe000 	C:\windows\SYSTEM32\MPR.dll
0x00007ff9705d0000 - 0x00007ff970710000 	C:\windows\system32\RPCRT4.dll
0x00007ff9702a0000 - 0x00007ff9702f9000 	C:\windows\SYSTEM32\sechost.dll
0x00007ff970070000 - 0x00007ff970282000 	C:\windows\SYSTEM32\combase.dll
0x00007ff9720e0000 - 0x00007ff97222b000 	C:\windows\system32\GDI32.dll
0x00007ff96f440000 - 0x00007ff96f455000 	C:\windows\SYSTEM32\profapi.dll
0x00007ff96def0000 - 0x00007ff96dfa2000 	C:\windows\SYSTEM32\SHCORE.dll
0x00007ff971f40000 - 0x00007ff971f76000 	C:\windows\system32\IMM32.DLL
0x00007ff971f80000 - 0x00007ff9720d1000 	C:\windows\system32\MSCTF.dll
0x00007ff96d520000 - 0x00007ff96d79b000 	C:\windows\WinSxS\amd64_microsoft.windows.common-controls_6595b64144ccf1df_6.0.9600.18006_none_623f33d3ecbe86e8\COMCTL32.dll
0x0000000058870000 - 0x0000000058942000 	C:\Program Files\Java\jdk1.8.0_144\jre\bin\msvcr100.dll
0x0000000057fd0000 - 0x000000005886d000 	C:\Program Files\Java\jdk1.8.0_144\jre\bin\server\jvm.dll
0x00007ff966470000 - 0x00007ff966479000 	C:\windows\SYSTEM32\WSOCK32.dll
0x00007ff96c260000 - 0x00007ff96c282000 	C:\windows\SYSTEM32\WINMM.dll
0x00007ff96c9d0000 - 0x00007ff96c9da000 	C:\windows\SYSTEM32\VERSION.dll
0x00007ff972230000 - 0x00007ff972237000 	C:\windows\system32\PSAPI.DLL
0x00007ff970770000 - 0x00007ff9707ca000 	C:\windows\system32\WS2_32.dll
0x00007ff96bd20000 - 0x00007ff96bd4a000 	C:\windows\SYSTEM32\WINMMBASE.dll
0x00007ff970290000 - 0x00007ff970299000 	C:\windows\system32\NSI.dll
0x00007ff96f510000 - 0x00007ff96f55f000 	C:\windows\SYSTEM32\cfgmgr32.dll
0x00007ff96e260000 - 0x00007ff96e288000 	C:\windows\SYSTEM32\DEVOBJ.dll
0x000000005b250000 - 0x000000005b25f000 	C:\Program Files\Java\jdk1.8.0_144\jre\bin\verify.dll
0x000000005b220000 - 0x000000005b249000 	C:\Program Files\Java\jdk1.8.0_144\jre\bin\java.dll
0x000000005b200000 - 0x000000005b216000 	C:\Program Files\Java\jdk1.8.0_144\jre\bin\zip.dll
0x000000005ac00000 - 0x000000005ac0d000 	C:\Program Files\Java\jdk1.8.0_144\jre\bin\management.dll
0x0000000057fb0000 - 0x0000000057fca000 	C:\Program Files\Java\jdk1.8.0_144\jre\bin\net.dll
0x00007ff96ecd0000 - 0x00007ff96ed29000 	C:\windows\system32\mswsock.dll
0x00007ff962e90000 - 0x00007ff962ea5000 	C:\windows\system32\napinsp.dll
0x00007ff962e70000 - 0x00007ff962e8a000 	C:\windows\system32\pnrpnsp.dll
0x00007ff96a460000 - 0x00007ff96a47b000 	C:\windows\system32\NLAapi.dll
0x00007ff96ead0000 - 0x00007ff96eb74000 	C:\windows\SYSTEM32\DNSAPI.dll
0x00007ff962e60000 - 0x00007ff962e6d000 	C:\windows\System32\winrnr.dll
0x00007ff962e40000 - 0x00007ff962e54000 	C:\windows\system32\wshbth.dll
0x000000005eba0000 - 0x000000005ebc6000 	C:\Program Files\Bonjour\mdnsNSP.dll
0x00007ff969590000 - 0x00007ff9695ba000 	C:\windows\SYSTEM32\Iphlpapi.DLL
0x00007ff969580000 - 0x00007ff96958a000 	C:\windows\SYSTEM32\WINNSI.DLL
0x00007ff962e30000 - 0x00007ff962e3a000 	C:\Windows\System32\rasadhlp.dll
0x00007ff9694a0000 - 0x00007ff96950b000 	C:\windows\System32\fwpuclnt.dll
0x0000000057f90000 - 0x0000000057fa1000 	C:\Program Files\Java\jdk1.8.0_144\jre\bin\nio.dll
0x00007ff96ed30000 - 0x00007ff96ed50000 	C:\windows\SYSTEM32\CRYPTSP.dll
0x00007ff96e8f0000 - 0x00007ff96e926000 	C:\windows\system32\rsaenh.dll
0x00007ff96eff0000 - 0x00007ff96f016000 	C:\windows\SYSTEM32\bcrypt.dll
0x00007ff96f310000 - 0x00007ff96f373000 	C:\windows\system32\bcryptprimitives.dll
0x00007ff96f380000 - 0x00007ff96f38b000 	C:\windows\SYSTEM32\CRYPTBASE.dll
0x00007ff969470000 - 0x00007ff969486000 	C:\windows\SYSTEM32\dhcpcsvc6.DLL
0x00007ff969450000 - 0x00007ff96946a000 	C:\windows\SYSTEM32\dhcpcsvc.DLL

VM Arguments:
jvm_args: -Dfile.encoding=UTF-8 
java_command: com.genting.money.changer.moneychangerSpringBoot.MoneyChangerSpringBootApplication
java_class_path (initial): F:\Udemy\Spring Boot WorkSpace\money-changer-SpringBoot\target\classes;C:\Users\mohamhed\.m2\repository\org\springframework\boot\spring-boot-starter-data-jpa\2.2.3.RELEASE\spring-boot-starter-data-jpa-2.2.3.RELEASE.jar;C:\Users\mohamhed\.m2\repository\org\springframework\boot\spring-boot-starter-aop\2.2.3.RELEASE\spring-boot-starter-aop-2.2.3.RELEASE.jar;C:\Users\mohamhed\.m2\repository\org\springframework\spring-aop\5.2.3.RELEASE\spring-aop-5.2.3.RELEASE.jar;C:\Users\mohamhed\.m2\repository\org\aspectj\aspectjweaver\1.9.5\aspectjweaver-1.9.5.jar;C:\Users\mohamhed\.m2\repository\org\springframework\boot\spring-boot-starter-jdbc\2.2.3.RELEASE\spring-boot-starter-jdbc-2.2.3.RELEASE.jar;C:\Users\mohamhed\.m2\repository\com\zaxxer\HikariCP\3.4.2\HikariCP-3.4.2.jar;C:\Users\mohamhed\.m2\repository\org\springframework\spring-jdbc\5.2.3.RELEASE\spring-jdbc-5.2.3.RELEASE.jar;C:\Users\mohamhed\.m2\repository\jakarta\activation\jakarta.activation-api\1.2.1\jakarta.activation-api-1.2.1.jar;C:\Users\mohamhed\.m2\repository\jakarta\persistence\jakarta.persistence-api\2.2.3\jakarta.persistence-api-2.2.3.jar;C:\Users\mohamhed\.m2\repository\jakarta\transaction\jakarta.transaction-api\1.3.3\jakarta.transaction-api-1.3.3.jar;C:\Users\mohamhed\.m2\repository\org\hibernate\hibernate-core\5.4.10.Final\hibernate-core-5.4.10.Final.jar;C:\Users\mohamhed\.m2\repository\org\jboss\logging\jboss-logging\3.4.1.Final\jboss-logging-3.4.1.Final.jar;C:\Users\mohamhed\.m2\repository\org\javassist\javassist\3.24.0-GA\javassist-3.24.0-GA.jar;C:\Users\mohamhed\.m2\repository\net\bytebuddy\byte-buddy\1.10.6\byte-buddy-1.10.6.jar;C:\Users\mohamhed\.m2\repository\antlr\antlr\2.7.7\antlr-2.7.7.jar;C:\Users\mohamhed\.m2\repository\org\jboss\jandex\2.1.1.Final\jandex-2.1.1.Final.jar;C:\Users\mohamhed\.m2\repository\com\fasterxml\classmate\1.5.1\classmate-1.5.1.jar;C:\Users\mohamhed\.m2\repository\org\dom4j\dom4j\2.1.1\dom4j-2.1.1.jar;C:\Users\mohamhed\.m2\repository\org\hibernat
Launcher Type: SUN_STANDARD

Environment Variables:
JAVA_HOME=C:\Progra~1\Java\jdk1.8.0_144
JRE_HOME=C:\Progra~1\Java\jre1.8.0_144
CLASSPATH=.;C:\Program Files\Java\jdk1.7.0_79\lib;C:\Program Files\Java\jdk1.8.0_144\lib;C:\IBM\BPM\v8.5\db2\java\db2java.zip;C:\IBM\BPM\v8.5\db2\java\db2jcc.jar;C:\IBM\BPM\v8.5\db2\java\sqlj.zip;C:\IBM\BPM\v8.5\db2\java\db2jcc_license_cu.jar;C:\IBM\BPM\v8.5\db2\bin;C:\IBM\BPM\v8.5\db2\java\common.jar
PATH=C:/Program Files/Java/jre1.8.0_144/bin/server;C:/Program Files/Java/jre1.8.0_144/bin;C:/Program Files/Java/jre1.8.0_144/lib/amd64;C:\ProgramData\Oracle\Java\javapath;C:\Program Files\Java\jdk1.7.0_79\bin;C:\Program Files (x86)\Lenovo\FusionEngine;C:\Program Files (x86)\Intel\iCLS Client\;C:\Program Files\Intel\iCLS Client\;C:\Program Files (x86)\NVIDIA Corporation\PhysX\Common;C:\windows\system32;C:\windows;C:\windows\System32\Wbem;C:\windows\System32\WindowsPowerShell\v1.0\;C:\Program Files\Intel\Intel(R) Management Engine Components\DAL;C:\Program Files\Intel\Intel(R) Management Engine Components\IPT;C:\Program Files (x86)\Intel\Intel(R) Management Engine Components\DAL;C:\Program Files (x86)\Intel\Intel(R) Management Engine Components\IPT;C:\Program Files\Citrix\System32\;C:\Program Files\ibm\gsk8\lib64;C:\Program Files (x86)\ibm\gsk8\lib;C:\Program Files\MySQL\MySQL Server 5.6\bin;C:\Program Files (x86)\MOVEit;G:\apache-maven-3.3.3-bin\apache-maven-3.3.3\bin;C:\Program Files (x86)\Microsoft SQL Server\110\Tools\Binn\;C:\Program Files\Microsoft SQL Server\110\Tools\Binn\;C:\Program Files\Microsoft SQL Server\110\DTS\Binn\;C:\Program Files (x86)\Microsoft SQL Server\110\Tools\Binn\ManagementStudio\;C:\Program Files (x86)\Microsoft SQL Server\110\DTS\Binn\;G:\casyGames\Installers\apache-maven-3.3.9\bin;C:\Program Files\Cloud Foundry;C:\Applications\Atlassian\atlassian-plugin-sdk-6.2.14\bin;C:\Program Files\TortoiseSVN\bin;C:\IBM\BPM\v8.5\db2\BIN;C:\IBM\BPM\v8.5\db2\FUNCTION;C:\IBM\BPM\v8.5\db2\SAMPLES\REPL;F:\BigData\spark230Hadoop27\bin;C:\Program Files\Git\cmd;F:\NodeJS\;F:\Softwares\maven 3.3.3\apache-maven-3.3.3-bin\apache-maven-3.3.3\bin;F:\Softwares\COde Review\pmd-bin-6.19.0\bin;C:\Users\mohamhed\AppData\Roaming\npm;F:\Visual Studio Setup\bin;F:\Softwares\maven 3.3.3\apache-maven-3.3.3-bin\apache-maven-3.3.3\bin;G:\Eclipse installer\eclipse-jee-mars-R-win32-x86_64\eclipse;
USERNAME=mohamhed
OS=Windows_NT
PROCESSOR_IDENTIFIER=Intel64 Family 6 Model 69 Stepping 1, GenuineIntel



---------------  S Y S T E M  ---------------

OS: Windows 8.1 , 64 bit Build 9600 (6.3.9600.17415)

CPU:total 4 (initial active 4) (2 cores per cpu, 2 threads per core) family 6 model 69 stepping 1, cmov, cx8, fxsr, mmx, sse, sse2, sse3, ssse3, sse4.1, sse4.2, popcnt, avx, avx2, aes, clmul, erms, lzcnt, ht, tsc, tscinvbit, bmi1, bmi2

Memory: 4k page, physical 8278296k(1044956k free), swap 11424024k(6440k free)

vm_info: Java HotSpot(TM) 64-Bit Server VM (25.144-b01) for windows-amd64 JRE (1.8.0_144-b01), built on Jul 21 2017 21:57:33 by "java_re" with MS VC++ 10.0 (VS2010)

time: Mon Jan 20 22:17:33 2020
elapsed time: 6 seconds (0d 0h 0m 6s)

