JvmtiExport can_access_local_variables 0
JvmtiExport can_hotswap_or_post_breakpoint 0
JvmtiExport can_post_on_exceptions 0
# 499 ciObject found
ciMethod java/lang/Object <init> ()V 4097 1 173669 0 0
ciMethod java/lang/Object hashCode ()I 2049 1 256 0 -1
ciMethod java/lang/Object equals (Ljava/lang/Object;)Z 2217 1 7045 0 -1
ciMethod java/lang/Object clone ()Ljava/lang/Object; 2049 1 256 0 -1
ciMethod java/lang/String <init> ([CII)V 4097 1 6094 0 704
ciMethod java/lang/String <init> ([BIILjava/lang/String;)V 2193 1 814 0 -1
ciMethod java/lang/String <init> ([CZ)V 2049 1 10298 0 0
ciMethod java/lang/String length ()I 4097 1 104968 0 0
ciMethod java/lang/String charAt (I)C 4097 1 405987 0 -1
ciMethod java/lang/String getChars ([CI)V 2425 1 5491 0 0
ciMethod java/lang/String equals (Ljava/lang/Object;)Z 3177 12273 3658 0 -1
ciMethod java/lang/String equalsIgnoreCase (Ljava/lang/String;)Z 1273 1 6378 0 1600
ciMethod java/lang/String regionMatches (ZILjava/lang/String;II)Z 2305 601 5585 0 1920
ciMethod java/lang/String startsWith (Ljava/lang/String;)Z 2049 1 53891 0 -1
ciMethod java/lang/String hashCode ()I 2769 32769 2622 0 288
ciMethod java/lang/String indexOf (I)I 4097 1 29542 0 -1
ciMethod java/lang/String lastIndexOf (I)I 2057 1 25022 0 0
ciMethod java/lang/String lastIndexOf (II)I 937 90681 989 0 288
ciMethod java/lang/String lastIndexOfSupplementary (II)I 0 0 1 0 -1
ciMethod java/lang/String substring (II)Ljava/lang/String; 3721 1 5668 0 992
ciMethod java/lang/String concat (Ljava/lang/String;)Ljava/lang/String; 2425 1 5486 0 896
ciMethod java/lang/String replace (CC)Ljava/lang/String; 841 74345 1048 0 1152
ciMethod java/lang/String toUpperCase (Ljava/util/Locale;)Ljava/lang/String; 921 26905 899 0 -1
ciMethod java/lang/ClassLoader preDefineClass (Ljava/lang/String;Ljava/security/ProtectionDomain;)Ljava/security/ProtectionDomain; 3073 1 2646 0 -1
ciMethod java/lang/ClassLoader defineClassSourceLocation (Ljava/security/ProtectionDomain;)Ljava/lang/String; 3089 1 2646 0 -1
ciMethod java/lang/ClassLoader postDefineClass (Ljava/lang/Class;Ljava/security/ProtectionDomain;)V 3089 1 2645 0 -1
ciMethod java/lang/ClassLoader defineClass (Ljava/lang/String;[BIILjava/security/ProtectionDomain;)Ljava/lang/Class; 2561 1 2588 0 -1
ciMethod java/lang/ClassLoader defineClass1 (Ljava/lang/String;[BIILjava/security/ProtectionDomain;Ljava/lang/String;)Ljava/lang/Class; 3073 1 384 0 -1
ciMethod java/lang/ClassLoader checkName (Ljava/lang/String;)Z 2201 1 5427 0 -1
ciMethod java/lang/ClassLoader checkCerts (Ljava/lang/String;Ljava/security/CodeSource;)V 2049 1 2646 0 -1
ciMethod java/lang/ClassLoader definePackage (Ljava/lang/String;Ljava/lang/String;Ljava/lang/String;Ljava/lang/String;Ljava/lang/String;Ljava/lang/String;Ljava/lang/String;Ljava/net/URL;)Ljava/lang/Package; 457 1 324 0 0
ciMethod java/lang/ClassLoader getPackage (Ljava/lang/String;)Ljava/lang/Package; 2073 1 3537 0 0
ciMethod java/lang/System nanoTime ()J 3073 1 384 0 -1
ciMethod java/lang/System arraycopy (Ljava/lang/Object;ILjava/lang/Object;II)V 12289 1 1536 0 -1
ciMethod java/lang/Throwable addSuppressed (Ljava/lang/Throwable;)V 0 0 1 0 -1
ciMethod java/security/ProtectionDomain <init> (Ljava/security/CodeSource;Ljava/security/PermissionCollection;Ljava/lang/ClassLoader;[Ljava/security/Principal;)V 225 1 70 0 -1
ciMethod java/security/ProtectionDomain getCodeSource ()Ljava/security/CodeSource; 1249 1 156 0 -1
ciMethod java/security/SecureClassLoader defineClass (Ljava/lang/String;[BIILjava/security/CodeSource;)Ljava/lang/Class; 2561 1 2569 0 0
ciMethod java/security/SecureClassLoader defineClass (Ljava/lang/String;Ljava/nio/ByteBuffer;Ljava/security/CodeSource;)Ljava/lang/Class; 0 0 1 0 -1
ciMethod java/security/SecureClassLoader getPermissions (Ljava/security/CodeSource;)Ljava/security/PermissionCollection; 457 1 54 0 -1
ciMethod java/security/SecureClassLoader getProtectionDomain (Ljava/security/CodeSource;)Ljava/security/ProtectionDomain; 2561 1 2588 0 -1
ciMethod java/lang/NoClassDefFoundError <init> (Ljava/lang/String;)V 0 0 1 0 -1
ciMethod java/lang/ref/Reference get ()Ljava/lang/Object; 1025 1 128 0 -1
ciMethod java/lang/ref/Reference <init> (Ljava/lang/Object;)V 2049 1 4089 0 0
ciMethod java/lang/ref/Reference <init> (Ljava/lang/Object;Ljava/lang/ref/ReferenceQueue;)V 2057 1 12620 0 96
ciMethod java/lang/ref/SoftReference <init> (Ljava/lang/Object;)V 2385 1 976 0 0
ciMethod java/lang/ref/SoftReference get ()Ljava/lang/Object; 3097 1 9774 0 0
ciMethod java/lang/Thread currentThread ()Ljava/lang/Thread; 2049 1 256 0 -1
ciMethod java/lang/Thread interrupt ()V 0 0 1 0 -1
ciMethod java/lang/Thread interrupted ()Z 3073 1 2588 0 -1
ciMethod java/util/Map get (Ljava/lang/Object;)Ljava/lang/Object; 0 0 1 0 -1
ciMethod java/util/Map put (Ljava/lang/Object;Ljava/lang/Object;)Ljava/lang/Object; 0 0 1 0 -1
ciMethod java/util/Hashtable <init> (IF)V 1761 1 187 0 0
ciMethod java/util/Hashtable <init> (I)V 457 1 48 0 0
ciMethod java/util/Hashtable <init> ()V 1305 1 139 0 0
ciMethod java/util/Dictionary <init> ()V 1761 1 187 0 0
ciMethod java/lang/StringBuilder <init> ()V 1433 1 22713 0 -1
ciMethod java/lang/StringBuilder append (Ljava/lang/Object;)Ljava/lang/StringBuilder; 897 1 1173 0 -1
ciMethod java/lang/StringBuilder append (Ljava/lang/String;)Ljava/lang/StringBuilder; 2601 1 63806 0 -1
ciMethod java/lang/StringBuilder append (I)Ljava/lang/StringBuilder; 1 1 796 0 -1
ciMethod java/lang/StringBuilder append (F)Ljava/lang/StringBuilder; 0 0 1 0 -1
ciMethod java/lang/StringBuilder toString ()Ljava/lang/String; 1433 1 25972 0 -1
ciMethod java/io/ByteArrayInputStream <init> ([B)V 145 1 47 0 0
ciMethod java/io/InputStream <init> ()V 3209 1 5654 0 0
ciMethod java/io/InputStream read ([BII)I 0 0 1 0 -1
ciMethod java/io/InputStream close ()V 0 0 1 0 -1
ciMethod java/net/URLClassLoader getAndVerifyPackage (Ljava/lang/String;Ljava/util/jar/Manifest;Ljava/net/URL;)Ljava/lang/Package; 2049 1 2570 0 0
ciMethod java/net/URLClassLoader definePackageInternal (Ljava/lang/String;Ljava/util/jar/Manifest;Ljava/net/URL;)V 2049 1 2568 0 0
ciMethod java/net/URLClassLoader defineClass (Ljava/lang/String;Lsun/misc/Resource;)Ljava/lang/Class; 1537 1 2569 0 0
ciMethod java/net/URLClassLoader definePackage (Ljava/lang/String;Ljava/util/jar/Manifest;Ljava/net/URL;)Ljava/lang/Package; 433 1 321 0 0
ciMethod java/net/URLClassLoader isSealed (Ljava/lang/String;Ljava/util/jar/Manifest;)Z 1433 1 2222 0 0
ciMethod java/net/URLClassLoader access$000 (Ljava/net/URLClassLoader;)Lsun/misc/URLClassPath; 1025 1 128 0 0
ciMethod java/net/URLClassLoader access$100 (Ljava/net/URLClassLoader;Ljava/lang/String;Lsun/misc/Resource;)Ljava/lang/Class; 1537 1 2568 0 0
ciMethod java/net/URL getRef ()Ljava/lang/String; 1033 1 129 0 -1
ciMethod java/net/URL equals (Ljava/lang/Object;)Z 1905 1 2596 0 -1
ciMethod java/util/jar/Manifest <init> (Ljava/io/InputStream;)V 137 1 46 0 0
ciMethod java/util/jar/Manifest getMainAttributes ()Ljava/util/jar/Attributes; 1025 1 128 0 0
ciMethod java/util/jar/Manifest getEntries ()Ljava/util/Map; 1033 1 129 0 0
ciMethod java/util/jar/Manifest getAttributes (Ljava/lang/String;)Ljava/util/jar/Attributes; 3073 1 2582 0 0
ciMethod java/util/jar/Manifest read (Ljava/io/InputStream;)V 137 1 47 0 -1
ciMethod java/util/jar/Manifest parseName ([BI)Ljava/lang/String; 305 1 37 0 -1
ciMethod java/security/CodeSource <init> (Ljava/net/URL;[Ljava/security/CodeSigner;)V 2561 1 2569 0 0
ciMethod java/lang/Character toLowerCase (C)C 4097 1 11920 0 192
ciMethod java/lang/Character toLowerCase (I)I 4097 1 25742 0 0
ciMethod java/lang/Character toUpperCase (C)C 4097 1 8019 0 0
ciMethod java/lang/Character toUpperCase (I)I 4097 1 8019 0 0
ciMethod java/lang/Float isNaN (F)Z 3097 1 1070 0 0
ciMethod java/lang/Float floatToRawIntBits (F)I 9 1 1 0 -1
ciMethod java/util/Comparator compare (Ljava/lang/Object;Ljava/lang/Object;)I 0 0 1 0 -1
ciMethod java/security/AccessController doPrivileged (Ljava/security/PrivilegedAction;)Ljava/lang/Object; 2049 1 256 0 -1
ciMethod java/util/AbstractList <init> ()V 2081 1 6480 0 0
ciMethod java/util/AbstractCollection <init> ()V 1257 1 9131 0 32
ciMethod java/util/ArrayList <init> ()V 1345 1 1809 0 0
ciMethod java/util/ArrayList size ()I 1025 1 128 0 -1
ciMethod java/util/AbstractMap <init> ()V 1193 1 3499 0 0
ciMethod java/util/HashMap hash (Ljava/lang/Object;)I 4097 1 23455 0 160
ciMethod java/util/HashMap tableSizeFor (I)I 2049 1 844 0 -1
ciMethod java/util/HashMap <init> (IF)V 1161 1 763 0 0
ciMethod java/util/HashMap <init> (I)V 961 1 450 0 0
ciMethod java/util/HashMap <init> ()V 257 1 2294 0 0
ciMethod java/util/HashMap get (Ljava/lang/Object;)Ljava/lang/Object; 2057 1 9255 0 0
ciMethod java/util/HashMap getNode (ILjava/lang/Object;)Ljava/util/HashMap$Node; 4097 113 7682 0 512
ciMethod java/util/HashMap put (Ljava/lang/Object;Ljava/lang/Object;)Ljava/lang/Object; 3097 1 6532 0 192
ciMethod java/util/HashMap putVal (ILjava/lang/Object;Ljava/lang/Object;ZZ)Ljava/lang/Object; 3073 409 11665 0 1856
ciMethod java/util/HashMap resize ()[Ljava/util/HashMap$Node; 209 6065 1076 0 -1
ciMethod java/util/HashMap treeifyBin ([Ljava/util/HashMap$Node;I)V 0 0 1 0 -1
ciMethod java/util/HashMap newNode (ILjava/lang/Object;Ljava/lang/Object;Ljava/util/HashMap$Node;)Ljava/util/HashMap$Node; 2049 1 5378 0 224
ciMethod java/util/HashMap afterNodeAccess (Ljava/util/HashMap$Node;)V 2065 1 1282 0 0
ciMethod java/util/HashMap afterNodeInsertion (Z)V 3153 1 1420 0 0
ciMethod java/util/HashMap$Node <init> (ILjava/lang/Object;Ljava/lang/Object;Ljava/util/HashMap$Node;)V 3089 1 7145 0 0
ciMethod sun/misc/VM allowArraySyntax ()Z 2201 1 5427 0 -1
ciMethod java/lang/Math max (II)I 3593 1 9262 0 -1
ciMethod java/lang/Math min (II)I 4097 1 49283 0 -1
ciMethod java/lang/Math min (FF)F 1961 1 204 0 0
ciMethod java/io/OutputStream <init> ()V 2049 1 791 0 0
ciMethod java/util/Arrays copyOf ([BI)[B 2081 1 16554 0 -1
ciMethod java/util/Arrays copyOf ([CI)[C 1953 1 15252 0 0
ciMethod java/util/Arrays copyOfRange ([CII)[C 4097 1 5731 0 512
ciMethod java/io/PrintStream println (Ljava/lang/String;)V 65 1 8 0 -1
ciMethodData java/lang/Object <init> ()V 2 173670 orig 264 88 66 32 88 0 0 0 0 128 4 73 22 0 0 0 0 32 1 0 0 0 0 0 0 0 0 0 0 0 0 0 0 0 0 0 0 0 0 0 0 0 0 0 0 0 0 0 0 0 0 0 0 0 0 0 0 0 0 0 0 0 0 0 0 0 0 0 0 0 0 0 0 0 0 0 0 0 0 0 0 77 68 79 32 101 120 116 114 97 32 100 97 116 97 32 108 111 99 107 0 0 0 0 0 0 0 0 0 0 0 0 0 0 0 0 0 0 0 0 0 0 0 0 0 0 0 0 0 0 0 0 0 0 0 0 0 0 0 0 0 0 0 0 0 0 0 0 0 0 0 0 0 0 0 0 0 0 0 0 0 0 0 0 0 0 0 0 0 0 0 0 0 0 0 0 0 0 0 0 0 0 0 0 0 1 0 0 0 0 0 0 0 1 0 0 0 0 0 0 0 1 0 0 0 0 0 0 0 0 0 0 0 0 0 0 0 0 2 0 0 49 35 21 0 1 0 0 0 0 0 0 0 0 0 0 0 2 0 0 0 0 0 3 0 1 0 0 0 0 0 0 0 255 255 255 255 0 0 0 0 0 0 0 0 data 0 oops 0
ciMethod java/lang/IllegalArgumentException <init> (Ljava/lang/String;)V 0 0 1 0 -1
ciMethod sun/security/util/Debug println (Ljava/lang/String;)V 0 0 1 0 -1
ciMethodData java/lang/String charAt (I)C 2 433286 orig 264 88 66 32 88 0 0 0 0 104 61 73 22 0 0 0 0 120 1 0 0 32 0 0 0 0 0 0 0 0 0 0 0 0 0 0 0 0 0 0 0 0 0 0 0 0 0 0 0 0 0 0 0 0 0 0 0 0 0 0 0 0 0 0 0 0 0 0 0 0 0 0 0 0 0 0 0 0 0 0 0 77 68 79 32 101 120 116 114 97 32 100 97 116 97 32 108 111 99 107 0 0 0 0 0 0 0 0 0 0 0 0 0 0 0 0 0 0 0 0 0 0 0 0 0 0 0 0 0 0 0 0 0 0 0 0 0 0 0 0 0 0 0 0 0 0 0 0 0 0 0 0 0 0 0 0 0 0 0 0 0 0 0 0 0 0 0 0 0 0 0 0 0 0 0 0 0 0 0 0 0 0 0 0 0 25 0 0 0 0 0 0 0 0 0 0 0 0 0 0 0 1 0 0 0 0 0 0 0 0 0 0 0 0 0 0 0 0 2 0 0 49 212 52 0 1 0 0 0 0 0 0 0 0 0 0 0 2 0 0 0 0 0 0 0 0 0 0 0 80 0 0 0 255 255 255 255 7 0 1 0 0 0 0 0 data 10 0x10007 0x0 0x40 0x69a89 0xa0007 0x69a90 0x30 0x0 0x120002 0x0 oops 0
ciMethod java/lang/CharacterData toLowerCase (I)I 0 0 1 0 -1
ciMethod java/lang/CharacterData toUpperCase (I)I 0 0 1 0 -1
ciMethod java/lang/CharacterData of (I)Ljava/lang/CharacterData; 4097 1 5922 0 96
ciMethod java/lang/CharacterDataLatin1 getProperties (I)I 4097 1 24473 0 -1
ciMethod java/lang/CharacterDataLatin1 toLowerCase (I)I 4097 1 5752 0 160
ciMethod java/lang/CharacterDataLatin1 toUpperCase (I)I 4097 1 5641 0 160
ciMethod java/util/HashMap$TreeNode getTreeNode (ILjava/lang/Object;)Ljava/util/HashMap$TreeNode; 0 0 1 0 -1
ciMethod java/util/HashMap$TreeNode putTreeVal (Ljava/util/HashMap;[Ljava/util/HashMap$Node;ILjava/lang/Object;Ljava/lang